2018-12-19-main-INFO -root      :inserting details to table
2018-12-19-main-INFO -root      :Retriving details by Id
2018-12-19-main-INFO -root      :sucessfully displayed details of user
2018-12-19-main-INFO -root      :inserting details to table
2018-12-19-main-INFO -root      :sucessfully inserted
2018-12-19-main-INFO -root      :displayed Id to user
2018-12-19-main-INFO -root      :inserting details to table
2018-12-19-main-INFO -root      :sucessfully inserted
2018-12-19-main-INFO -root      :displayed Id to user
2018-12-19-main-INFO -root      :inserting details to table
2018-12-19-main-INFO -root      :sucessfully inserted
2018-12-19-main-INFO -root      :displayed Id to user
2018-12-19-main-INFO -root      :Retriving details by Id
2018-12-19-main-INFO -root      :sucessfully displayed details of user
2018-12-19-main-INFO -root      :inserting details to table
2018-12-19-main-INFO -root      :sucessfully inserted
2018-12-19-main-INFO -root      :displayed Id to user
2018-12-19-main-INFO -root      :Retriving details by Id
2018-12-19-main-INFO -root      :sucessfully displayed details of user
2018-12-19-main-INFO -root      :inserting details to table
2018-12-19-main-INFO -root      :sucessfully inserted
2018-12-19-main-INFO -root      :displayed Id to user
2018-12-19-main-INFO -root      :Retriving details by Id
2018-12-19-main-INFO -root      :sucessfully displayed details of user
2019-01-05-main-INFO -root      :Retriving details by Id
2019-01-05-main-INFO -root      :inserting details to table
2019-01-05-main-INFO -root      :inserting details to table
2019-01-05-main-INFO -root      :inserting details to table
2019-01-05-main-INFO -root      :inserting details to table
2019-01-05-main-INFO -root      :inserting details to table
2019-01-05-main-INFO -root      :inserting details to table
2019-01-05-main-INFO -root      :inserting details to table
2019-01-05-main-INFO -root      :sucessfully inserted
2019-01-05-main-INFO -root      :displayed Id to user
2019-01-05-main-INFO -root      :inserting details to table
2019-01-05-main-INFO -root      :sucessfully inserted
2019-01-05-main-INFO -root      :displayed Id to user
2019-01-05-main-INFO -root      :inserting details to table
2019-01-05-main-INFO -root      :sucessfully inserted
2019-01-05-main-INFO -root      :displayed Id to user
